<?xml version="1.0" ?>
<testsuite errors="0" failures="0" name="IOLibraryTest-20221010163845" tests="15" time="0.733">
	<testcase classname="IOLibraryTest" name="test_parse_int" time="0.077"/>
	<testcase classname="IOLibraryTest" name="test_parse_uint" time="0.040"/>
	<testcase classname="IOLibraryTest" name="test_print_char" time="0.040"/>
	<testcase classname="IOLibraryTest" name="test_print_int" time="0.061"/>
	<testcase classname="IOLibraryTest" name="test_print_string" time="0.038"/>
	<testcase classname="IOLibraryTest" name="test_print_uint" time="0.061"/>
	<testcase classname="IOLibraryTest" name="test_read_char" time="0.084"/>
	<testcase classname="IOLibraryTest" name="test_read_word" time="0.012"/>
	<testcase classname="IOLibraryTest" name="test_read_word_length" time="0.093"/>
	<testcase classname="IOLibraryTest" name="test_read_word_too_long" time="0.024"/>
	<testcase classname="IOLibraryTest" name="test_string_copy" time="0.036"/>
	<testcase classname="IOLibraryTest" name="test_string_copy_too_long" time="0.035"/>
	<testcase classname="IOLibraryTest" name="test_string_equals" time="0.048"/>
	<testcase classname="IOLibraryTest" name="test_string_length" time="0.036"/>
	<testcase classname="IOLibraryTest" name="test_string_not_equals" time="0.048"/>
	<system-out>
<![CDATA[]]>	</system-out>
	<system-err>
<![CDATA[]]>	</system-err>
</testsuite>
